<?xml version="1.0" encoding="UTF-8"?>
<!-- Generated by org.testng.reporters.JUnitReportReporter -->
<testsuite hostname="LAPTOP-JL1T7R5K" failures="0" tests="1" name="testScripts.TestCases" time="5.542" errors="0" timestamp="2021-07-17T09:50:14 IST" skipped="0">
  <testcase classname="testScripts.TestCases" name="main" time="5.542"/>
  <system-out/>
</testsuite> <!-- testScripts.TestCases -->
