<?xml version="1.0" encoding="UTF-8"?>
<!-- Generated by org.testng.reporters.JUnitReportReporter -->
<testsuite hostname="LAPTOP-JL1T7R5K" failures="0" tests="1" name="lib.DriverSetup" time="16.841" errors="0" timestamp="2021-07-17T01:21:52 IST" skipped="0">
  <testcase classname="lib.DriverSetup" name="main" time="16.841"/>
  <system-out/>
</testsuite> <!-- lib.DriverSetup -->
