<?xml version="1.0" encoding="UTF-8"?>
<!-- Generated by org.testng.reporters.JUnitReportReporter -->
<testsuite hostname="LAPTOP-JL1T7R5K" failures="0" tests="5" name="testScripts.NavigationTest" time="315.958" errors="0" timestamp="2021-07-17T15:14:21 IST" skipped="0">
  <testcase classname="testScripts.NavigationTest" name="HowToPlayTest" time="61.325"/>
  <system-out/>
  <testcase classname="testScripts.NavigationTest" name="PromotionsTest" time="173.598"/>
  <system-out/>
  <testcase classname="testScripts.NavigationTest" name="referAndEarnTest" time="24.666"/>
  <system-out/>
  <testcase classname="testScripts.NavigationTest" name="instantCashBonusTest" time="24.452"/>
  <system-out/>
  <testcase classname="testScripts.NavigationTest" name="depositsAndWithdrawlTest" time="31.917"/>
  <system-out/>
</testsuite> <!-- testScripts.NavigationTest -->
